<?xml version="1.0" encoding="UTF-8"?>
<!-- Generated by org.testng.reporters.JUnitXMLReporter -->
<testsuite ignored="3" hostname="DESKTOP-Q420O00" failures="0" tests="5" name="Default test(failed)" time="4.726" errors="0" timestamp="2024-03-19T23:31:57 GMT-04:00">
  <testcase classname="com.Api.Tests.TestCases" name="getAllRepo" time="2.039"/>
  <testcase classname="com.Api.Tests.TestCases" name="createARepo" time="1.201"/>
  <testcase classname="com.Api.Tests.TestCases" name="createARepoWithExixtingName" time="0.282"/>
  <testcase classname="com.Api.Tests.TestCases" name="updateRepo" time="0.537"/>
  <testcase classname="com.Api.Tests.TestCases" name="deleteRepo" time="0.404"/>
  <testcase classname="com.Api.Tests.TestCases" name="getASingleRepo" time="0.0">
    <ignored/>
  </testcase> <!-- getASingleRepo -->
  <testcase classname="com.Api.Tests.TestCases" name="getASingleRepoWithNonExistingName" time="0.0">
    <ignored/>
  </testcase> <!-- getASingleRepoWithNonExistingName -->
  <testcase classname="com.Api.Tests.TestCases" name="deleteRepoWithNonExixtingName" time="0.0">
    <ignored/>
  </testcase> <!-- deleteRepoWithNonExixtingName -->
</testsuite> <!-- Default test(failed) -->
