<?xml version="1.0" encoding="UTF-8"?>
<!-- Generated by org.testng.reporters.JUnitXMLReporter -->
<testsuite ignored="7" hostname="DESKTOP-Q420O00" failures="0" tests="1" name="Default test" time="4.227" errors="0" timestamp="2024-03-21T22:21:27 GMT-04:00">
  <testcase classname="com.Api.Tests.TestCases" name="getASingleRepoWithNonExistingName" time="2.856"/>
  <testcase classname="com.Api.Tests.TestCases" name="getASingleRepo" time="0.0">
    <ignored/>
  </testcase> <!-- getASingleRepo -->
  <testcase classname="com.Api.Tests.TestCases" name="deleteRepo" time="0.0">
    <ignored/>
  </testcase> <!-- deleteRepo -->
  <testcase classname="com.Api.Tests.TestCases" name="getAllRepo" time="0.0">
    <ignored/>
  </testcase> <!-- getAllRepo -->
  <testcase classname="com.Api.Tests.TestCases" name="updateRepo" time="0.0">
    <ignored/>
  </testcase> <!-- updateRepo -->
  <testcase classname="com.Api.Tests.TestCases" name="deleteRepoWithNonExixtingName" time="0.0">
    <ignored/>
  </testcase> <!-- deleteRepoWithNonExixtingName -->
  <testcase classname="com.Api.Tests.TestCases" name="createARepoWithExixtingName" time="0.0">
    <ignored/>
  </testcase> <!-- createARepoWithExixtingName -->
  <testcase classname="com.Api.Tests.TestCases" name="createARepo" time="0.0">
    <ignored/>
  </testcase> <!-- createARepo -->
</testsuite> <!-- Default test -->
