<?xml version="1.0" encoding="UTF-8"?>
<!-- Generated by org.testng.reporters.JUnitXMLReporter -->
<testsuite ignored="3" hostname="DESKTOP-Q420O00" failures="0" tests="5" name="Test(failed)" time="4.63" errors="0" timestamp="2024-03-19T23:38:32 GMT-04:00">
  <testcase classname="com.Api.Tests.TestCases" name="getAllRepo" time="2.014"/>
  <testcase classname="com.Api.Tests.TestCases" name="createARepo" time="1.203"/>
  <testcase classname="com.Api.Tests.TestCases" name="createARepoWithExixtingName" time="0.292"/>
  <testcase classname="com.Api.Tests.TestCases" name="updateRepo" time="0.502"/>
  <testcase classname="com.Api.Tests.TestCases" name="deleteRepo" time="0.36"/>
  <testcase classname="com.Api.Tests.TestCases" name="getASingleRepo" time="0.0">
    <ignored/>
  </testcase> <!-- getASingleRepo -->
  <testcase classname="com.Api.Tests.TestCases" name="getASingleRepoWithNonExistingName" time="0.0">
    <ignored/>
  </testcase> <!-- getASingleRepoWithNonExistingName -->
  <testcase classname="com.Api.Tests.TestCases" name="deleteRepoWithNonExixtingName" time="0.0">
    <ignored/>
  </testcase> <!-- deleteRepoWithNonExixtingName -->
</testsuite> <!-- Test(failed) -->
