<?xml version="1.0" encoding="UTF-8"?>
<testng-results ignored="7" total="8" passed="1" failed="0" skipped="0">
  <reporter-output>
  </reporter-output>
  <suite started-at="2024-03-21T22:21:23 GMT-04:00" name="Default suite" finished-at="2024-03-21T22:21:27 GMT-04:00" duration-ms="4227">
    <groups>
    </groups>
    <test started-at="2024-03-21T22:21:23 GMT-04:00" name="Default test" finished-at="2024-03-21T22:21:27 GMT-04:00" duration-ms="4227">
      <class name="com.Api.Tests.TestCases">
        <test-method is-config="true" signature="beforeClass()[pri:0, instance:com.Api.Tests.TestCases@30ee2816]" started-at="2024-03-21T22:21:23 GMT-04:00" name="beforeClass" finished-at="2024-03-21T22:21:24 GMT-04:00" duration-ms="989" status="PASS">
          <reporter-output>
          </reporter-output>
        </test-method> <!-- beforeClass -->
        <test-method signature="getASingleRepoWithNonExistingName()[pri:3, instance:com.Api.Tests.TestCases@30ee2816]" started-at="2024-03-21T22:21:24 GMT-04:00" name="getASingleRepoWithNonExistingName" description="get a single repo negative case non existing repo " finished-at="2024-03-21T22:21:27 GMT-04:00" duration-ms="2856" status="PASS">
          <reporter-output>
          </reporter-output>
        </test-method> <!-- getASingleRepoWithNonExistingName -->
      </class> <!-- com.Api.Tests.TestCases -->
    </test> <!-- Default test -->
  </suite> <!-- Default suite -->
</testng-results>
